"../../../Engine/Content/Animation/DefaultAnimCurveCompressionSettings.uasset" 0
"../../../Engine/Content/ArtTools/RenderToTexture/Enums/RenderToTexture_Enum.uasset" 1
"../../../Engine/Content/ArtTools/RenderToTexture/Enums/RenderToTexture_Flipbook_Enum.uasset" 2
"../../../Engine/Content/ArtTools/RenderToTexture/Enums/RenderToTexture_Imposter_Enum.uasset" 3
"../../../Engine/Content/EditorBlueprintResources/StandardMacros.uasset" 4
"../../../Engine/Content/ArtTools/RenderToTexture/Enums/EIntTypes.uasset" 5
"../../../Engine/Content/ArtTools/RenderToTexture/Macros/RenderToTextureFunctionLibrary.uasset" 6
"../../../Engine/Content/ArtTools/RenderToTexture/Enums/EFloatTypes.uasset" 7
"../../../Engine/Content/ArtTools/RenderToTexture/Macros/RenderToTextureMacros.uasset" 8
"../../../Engine/Content/Functions/Engine_MaterialFunctions01/Opacity/CameraDepthFade.uasset" 9
"../../../Engine/Content/EngineMaterials/T_Default_Material_Grid_M.uasset" 10
"../../../Engine/Content/EngineMaterials/T_Default_Material_Grid_N.uasset" 11
"../../../Engine/Content/EngineMaterials/WorldGridMaterial.uasset" 12
"../../../Engine/Content/ArtTools/RenderToTexture/Meshes/S_1_Unit_Plane.uasset" 13
"../../../Engine/Content/EngineMaterials/DefaultMaterial.uasset" 14
"../../../Engine/Content/BasicShapes/Cone.uasset" 15
"../../../Engine/Content/BasicShapes/Cylinder.uasset" 16
"../../../Engine/Content/BasicShapes/Sphere.uasset" 17
"../../../Engine/Content/EngineMaterials/DefaultPhysicalMaterial.uasset" 18
"../../../Engine/Content/BufferVisualization/AmbientOcclusion.uasset" 19
"../../../Engine/Content/BufferVisualization/BaseColor.uasset" 20
"../../../Engine/Content/BufferVisualization/CustomDepth.uasset" 21
"../../../Engine/Content/Functions/Engine_MaterialFunctions02/Utility/VectorLength.uasset" 22
"../../../Engine/Content/BufferVisualization/CustomDepthWorldUnits.uasset" 23
"../../../Engine/Content/Functions/Engine_MaterialFunctions02/Utility/BreakOutFloat2Components.uasset" 24
"../../../Engine/Content/Functions/Engine_MaterialFunctions01/Texturing/ScaleUVsByCenter.uasset" 25
"../../../Engine/Content/Functions/Engine_MaterialFunctions02/ScreenResolution.uasset" 26
"../../../Engine/Content/Functions/Engine_MaterialFunctions02/Texturing/ScreenAlignedUVs.uasset" 27
"../../../Engine/Content/Functions/Engine_MaterialFunctions02/Utility/MakeFloat2.uasset" 28
"../../../Engine/Content/Functions/Engine_MaterialFunctions02/Utility/MakeFloat3.uasset" 29
"../../../Engine/Content/EngineMaterials/MiniFont.uasset" 30
"../../../Engine/Content/BufferVisualization/CustomStencil.uasset" 31
"../../../Engine/Content/BufferVisualization/FinalImage.uasset" 32
"../../../Engine/Content/BufferVisualization/LightingModel.uasset" 33
"../../../Engine/Content/BufferVisualization/MaterialAO.uasset" 34
"../../../Engine/Content/BufferVisualization/Metallic.uasset" 35
"../../../Engine/Content/BufferVisualization/Opacity.uasset" 36
"../../../Engine/Content/BufferVisualization/PostTonemapHDRColor.uasset" 37
"../../../Engine/Content/BufferVisualization/PreTonemapHDRColor.uasset" 38
"../../../Engine/Content/BufferVisualization/Roughness.uasset" 39
"../../../Engine/Content/BufferVisualization/SceneColor.uasset" 40
"../../../Engine/Content/BufferVisualization/SceneDepth.uasset" 41
"../../../Engine/Content/BufferVisualization/SceneDepthWorldUnits.uasset" 42
"../../../Engine/Content/BufferVisualization/SeparateTranslucencyA.uasset" 43
"../../../Engine/Content/BufferVisualization/SeparateTranslucencyRGB.uasset" 44
"../../../Engine/Content/BufferVisualization/Specular.uasset" 45
"../../../Engine/Content/BufferVisualization/SubsurfaceColor.uasset" 46
"../../../Engine/Content/BufferVisualization/Velocity.uasset" 47
"../../../Engine/Content/BufferVisualization/WorldNormal.uasset" 48
"../../../Engine/Content/EditorBlueprintResources/ActorMacros.uasset" 49
"../../../Engine/Content/EditorLandscapeResources/DataLayer.uasset" 50
"../../../Engine/Content/EditorLandscapeResources/DefaultAlphaTexture.uasset" 51
"../../../Engine/Content/EditorLandscapeResources/LandscapeGizmoHeight_Mat.uasset" 52
"../../../Engine/Content/EditorLandscapeResources/LandscapeGizmo_Mat.uasset" 53
"../../../Engine/Content/EditorLandscapeResources/LandscapeGizmo_Mat_Copied.uasset" 54
"../../../Engine/Content/EditorLandscapeResources/SplineEditorMeshMat.uasset" 55
"../../../Engine/Content/EditorLandscapeResources/SplineEditorMesh.uasset" 56
"../../../Engine/Content/EditorMaterials/Cross.uasset" 57
"../../../Engine/Content/EditorMaterials/Cross_Mat.uasset" 58
"../../../Engine/Content/EditorMaterials/GizmoMaterial.uasset" 59
"../../../Engine/Content/Functions/Engine_MaterialFunctions02/ExampleContent/Textures/flipbook.uasset" 60
"../../../Engine/Content/Functions/Engine_MaterialFunctions02/Texturing/FlipBook.uasset" 61
"../../../Engine/Content/Functions/Engine_MaterialFunctions02/Utility/Sign.uasset" 62
"../../../Engine/Content/Functions/Engine_MaterialFunctions02/Utility/Round.uasset" 63
"../../../Engine/Content/EditorResources/T_EditorHelp.uasset" 64
"../../../Engine/Content/EditorMaterials/HelpActorMaterial.uasset" 65
"../../../Engine/Content/EditorMaterials/CompositeARGBLayer.uasset" 66
"../../../Engine/Content/EditorMaterials/TilingAALineIntegral.uasset" 67
"../../../Engine/Content/EditorMaterials/TilingAALineBoxFiltered.uasset" 68
"../../../Engine/Content/Functions/Engine_MaterialFunctions03/Procedurals/ComputeFilterWidth.uasset" 69
"../../../Engine/Content/EditorMaterials/TilingAADots.uasset" 70
"../../../Engine/Content/EngineMaterials/BlendFunc_DefBase.uasset" 71
"../../../Engine/Content/EngineMaterials/BlendFunc_DefBlend.uasset" 72
"../../../Engine/Content/Functions/Engine_MaterialFunctions03/Blends/Blend_Screen.uasset" 73
"../../../Engine/Content/EditorMaterials/TilingAAGrid.uasset" 74
"../../../Engine/Content/EditorMaterials/LevelGridMaterial.uasset" 75
"../../../Engine/Content/EditorMaterials/MakeCompositeARGBLayer.uasset" 76
"../../../Engine/Content/EditorResources/LevelGrid1DStripes.uasset" 77
"../../../Engine/Content/EditorMaterials/TextureGridCascaded1D.uasset" 78
"../../../Engine/Content/EditorMaterials/TextureGridCascaded2D.uasset" 79
"../../../Engine/Content/EditorMaterials/LevelGridMaterial2.uasset" 80
"../../../Engine/Content/EditorMaterials/MAT_Groups_Toggle.uasset" 81
"../../../Engine/Content/EditorMaterials/MAT_Groups_Visibility.uasset" 82
"../../../Engine/Content/EditorMaterials/AntialiasedGridFloor.uasset" 83
"../../../Engine/Content/EditorResources/TilePatine_D.uasset" 84
"../../../Engine/Content/EditorResources/TilePatine_N.uasset" 85
"../../../Engine/Content/EngineMaterials/Grid.uasset" 86
"../../../Engine/Content/EditorMaterials/PersonaFloorMat.uasset" 87
"../../../Engine/Content/EditorMaterials/PhAT_BoneSelectedMaterial.uasset" 88
"../../../Engine/Content/EditorMaterials/PhAT_ElemSelectedMaterial.uasset" 89
"../../../Engine/Content/EditorMaterials/PhAT_NoCollisionMaterial.uasset" 90
"../../../Engine/Content/EditorMaterials/PhAT_UnselectedMaterial.uasset" 91
"../../../Engine/Content/EditorMaterials/PreviewShadowIndicator.uasset" 92
"../../../Engine/Content/EditorMaterials/PreviewShadowIndicatorMaterial.uasset" 93
"../../../Engine/Content/EditorMaterials/TargetIcon.uasset" 94
"../../../Engine/Content/EditorMaterials/Tick.uasset" 95
"../../../Engine/Content/EditorMaterials/Tick_Mat.uasset" 96
"../../../Engine/Content/EditorMaterials/WidgetGridVertexColorMaterial.uasset" 97
"../../../Engine/Content/EditorMaterials/WidgetGridVertexColorMaterial_Ma.uasset" 98
"../../../Engine/Content/EditorMaterials/WidgetMaterial.uasset" 99
"../../../Engine/Content/EditorMaterials/WidgetMaterial_Current.uasset" 100
"../../../Engine/Content/EditorMaterials/WidgetMaterial_X.uasset" 101
"../../../Engine/Content/EditorMaterials/WidgetMaterial_Y.uasset" 102
"../../../Engine/Content/EditorMaterials/WidgetMaterial_Z.uasset" 103
"../../../Engine/Content/EditorMaterials/WidgetVertexColorMaterial.uasset" 104
"../../../Engine/Content/EditorMaterials/MatineeGroups/MAT_ColorTrack.uasset" 105
"../../../Engine/Content/EditorMaterials/MatineeGroups/MAT_Groups_Anim.uasset" 106
"../../../Engine/Content/EditorMaterials/MatineeGroups/MAT_Groups_AudioMaster.uasset" 107
"../../../Engine/Content/EditorMaterials/MatineeGroups/MAT_Groups_Director.uasset" 108
"../../../Engine/Content/EditorMaterials/MatineeGroups/MAT_Groups_Event.uasset" 109
"../../../Engine/Content/EditorMaterials/MatineeGroups/MAT_Groups_Fade.uasset" 110
"../../../Engine/Content/EditorMaterials/MatineeGroups/MAT_Groups_Float.uasset" 111
"../../../Engine/Content/EditorMaterials/MatineeGroups/MAT_Groups_Move.uasset" 112
"../../../Engine/Content/EditorMaterials/MatineeGroups/MAT_Groups_Slomo.uasset" 113
"../../../Engine/Content/EditorMaterials/MatineeGroups/MAT_Groups_Sound.uasset" 114
"../../../Engine/Content/EditorMaterials/MatineeGroups/MAT_Groups_Vector.uasset" 115
"../../../Engine/Content/EditorMaterials/ParticleSystems/PSysThumbnail_NoImage.uasset" 116
"../../../Engine/Content/EditorMaterials/ParticleSystems/PSysThumbnail_OOD.uasset" 117
"../../../Engine/Content/EditorMaterials/Thumbnails/FloorPlaneMaterial.uasset" 118
"../../../Engine/Content/EditorMeshes/EditorCube.uasset" 119
"../../../Engine/Content/EditorMeshes/EditorCylinder.uasset" 120
"../../../Engine/Content/EditorMeshes/EditorPlane.uasset" 121
"../../../Engine/Content/EditorMaterials/Thumbnails/SkySphereMaterial.uasset" 122
"../../../Engine/Content/EditorMeshes/EditorSkySphere.uasset" 123
"../../../Engine/Content/EditorMeshes/EditorSphere.uasset" 124
"../../../Engine/Content/EditorResources/MatineeCam_D.uasset" 125
"../../../Engine/Content/EditorMaterials/MatineeCam_mat.uasset" 126
"../../../Engine/Content/EditorMeshes/MatineeCam_SM.uasset" 127
"../../../Engine/Content/Functions/Engine_MaterialFunctions01/Shading/ConvertFromDiffSpec.uasset" 128
"../../../Engine/Content/EditorMaterials/GridMaterial.uasset" 129
"../../../Engine/Content/EditorMeshes/PhAT_FloorBox.uasset" 130
"../../../Engine/Content/EditorMeshes/PlanarReflectionPlane.uasset" 131
"../../../Engine/Content/EditorMaterials/Camera/CineMat.uasset" 132
"../../../Engine/Content/EditorMaterials/Camera/MI_CineMat_CameraBody.uasset" 133
"../../../Engine/Content/EngineDebugMaterials/M_SimpleOpaque.uasset" 134
"../../../Engine/Content/EditorMaterials/Camera/MI_CineMat_CamViewFinder.uasset" 135
"../../../Engine/Content/EditorMeshes/Camera/SM_CineCam.uasset" 136
"../../../Engine/Content/EditorMaterials/Camera/MI_CineMat_Rig.uasset" 137
"../../../Engine/Content/EditorMeshes/Camera/SM_CraneRig_Arm.uasset" 138
"../../../Engine/Content/EditorMeshes/Camera/SM_CraneRig_Base.uasset" 139
"../../../Engine/Content/EditorMeshes/Camera/SM_CraneRig_Body.uasset" 140
"../../../Engine/Content/EditorMeshes/Camera/SM_CraneRig_Mount.uasset" 141
"../../../Engine/Content/EditorMeshes/Camera/SM_RailRig_Mount.uasset" 142
"../../../Engine/Content/EditorMeshes/Camera/SM_RailRig_Track.uasset" 143
"../../../Engine/Content/EditorMeshes/ColorCalibrator/M_ChromeBall.uasset" 144
"../../../Engine/Content/EditorResources/Bad.uasset" 145
"../../../Engine/Content/EditorResources/BadBlueprintSprite.uasset" 146
"../../../Engine/Content/EditorResources/BSPVertex.uasset" 147
"../../../Engine/Content/EditorResources/EmptyActor.uasset" 148
"../../../Engine/Content/EditorResources/MatInstActSprite.uasset" 149
"../../../Engine/Content/EditorResources/SceneManager.uasset" 150
"../../../Engine/Content/EditorResources/SmallFont.uasset" 151
"../../../Engine/Content/EditorResources/S_Actor.uasset" 152
"../../../Engine/Content/EditorResources/S_DecalActorIcon.uasset" 153
"../../../Engine/Content/EditorResources/S_Emitter.uasset" 154
"../../../Engine/Content/EditorResources/S_ExpoHeightFog.uasset" 155
"../../../Engine/Content/EditorResources/S_FTest.uasset" 156
"../../../Engine/Content/EditorResources/S_KBSJoint.uasset" 157
"../../../Engine/Content/EditorResources/S_KHinge.uasset" 158
"../../../Engine/Content/EditorResources/S_KPrismatic.uasset" 159
"../../../Engine/Content/EditorResources/S_LevelSequence.uasset" 160
"../../../Engine/Content/EditorResources/S_NavP.uasset" 161
"../../../Engine/Content/EditorResources/S_Note.uasset" 162
"../../../Engine/Content/EditorResources/S_Player.uasset" 163
"../../../Engine/Content/EditorResources/S_PortalActorIcon2.uasset" 164
"../../../Engine/Content/EditorResources/S_RadForce.uasset" 165
"../../../Engine/Content/EditorResources/S_ReflActorIcon.uasset" 166
"../../../Engine/Content/EditorResources/S_Solver.uasset" 167
"../../../Engine/Content/EditorResources/S_Terrain.uasset" 168
"../../../Engine/Content/EditorResources/S_TextRenderActorIcon.uasset" 169
"../../../Engine/Content/EditorResources/S_Thruster.uasset" 170
"../../../Engine/Content/EditorResources/S_Trigger.uasset" 171
"../../../Engine/Content/EditorResources/S_VectorFieldVol.uasset" 172
"../../../Engine/Content/EditorResources/S_WindDirectional.uasset" 173
"../../../Engine/Content/EditorResources/AI/S_NavLink.uasset" 174
"../../../Engine/Content/EditorResources/LightIcons/SkyLight.uasset" 175
"../../../Engine/Content/EditorResources/LightIcons/S_LightDirectional.uasset" 176
"../../../Engine/Content/EditorResources/LightIcons/S_LightDirectionalMove.uasset" 177
"../../../Engine/Content/EditorResources/LightIcons/S_LightError.uasset" 178
"../../../Engine/Content/EditorResources/LightIcons/S_LightPoint.uasset" 179
"../../../Engine/Content/EditorResources/LightIcons/S_LightPointMove.uasset" 180
"../../../Engine/Content/EditorResources/LightIcons/S_LightSpot.uasset" 181
"../../../Engine/Content/EditorResources/LightIcons/S_LightSpotMove.uasset" 182
"../../../Engine/Content/EditorResources/SequenceRecorder/Countdown.uasset" 183
"../../../Engine/Content/EditorResources/SequenceRecorder/RecordingIndicator.uasset" 184
"../../../Engine/Content/EditorResources/Spline/T_Loft_Spline.uasset" 185
"../../../Engine/Content/EditorSounds/Notifications/CompileFailed.uasset" 186
"../../../Engine/Content/EditorSounds/Notifications/CompileFailed_Cue.uasset" 187
"../../../Engine/Content/EditorSounds/Notifications/CompileSuccess.uasset" 188
"../../../Engine/Content/EditorSounds/Notifications/CompileStart_Cue.uasset" 189
"../../../Engine/Content/EditorSounds/Notifications/CompileSuccess_Cue.uasset" 190
"../../../Engine/Content/EngineDamageTypes/DmgTypeBP_Environmental.uasset" 191
"../../../Engine/Content/EngineDebugMaterials/HeatmapGradient.uasset" 192
"../../../Engine/Content/EngineDebugMaterials/BoneWeightMaterial.uasset" 193
"../../../Engine/Content/EngineDebugMaterials/ClothMaterial.uasset" 194
"../../../Engine/Content/EngineDebugMaterials/ClothMaterial_WF.uasset" 195
"../../../Engine/Content/EngineDebugMaterials/DebugEditorMaterial.uasset" 196
"../../../Engine/Content/EngineDebugMaterials/DebugMeshMaterial.uasset" 197
"../../../Engine/Content/EngineDebugMaterials/GeomMaterial.uasset" 198
"../../../Engine/Content/EngineDebugMaterials/LevelColorationLitMaterial.uasset" 199
"../../../Engine/Content/EngineDebugMaterials/LevelColorationUnlitMaterial.uasset" 200
"../../../Engine/Content/EngineMaterials/DefaultWhiteGrid.uasset" 201
"../../../Engine/Content/EngineDebugMaterials/MAT_LevelColorationLitLightmapUV.uasset" 202
"../../../Engine/Content/EngineDebugMaterials/M_SimpleTranslucent.uasset" 203
"../../../Engine/Content/Functions/Engine_MaterialFunctions02/Utility/CameraDirectionVector.uasset" 204
"../../../Engine/Content/EngineDebugMaterials/VolumeToRender.uasset" 205
"../../../Engine/Content/EngineDebugMaterials/M_VolumeRenderSphereTracePP.uasset" 206
"../../../Engine/Content/EngineDebugMaterials/ShadedLevelColorationLitMaterial.uasset" 207
"../../../Engine/Content/EngineDebugMaterials/ShadedLevelColorationUnlitMateri.uasset" 208
"../../../Engine/Content/EngineDebugMaterials/VertexColorMaterial.uasset" 209
"../../../Engine/Content/EngineDebugMaterials/VertexColorViewMode_AlphaAsColor.uasset" 210
"../../../Engine/Content/EngineDebugMaterials/VertexColorViewMode_BlueOnly.uasset" 211
"../../../Engine/Content/EngineDebugMaterials/VertexColorViewMode_ColorOnly.uasset" 212
"../../../Engine/Content/EngineDebugMaterials/VertexColorViewMode_GreenOnly.uasset" 213
"../../../Engine/Content/EngineDebugMaterials/VertexColorViewMode_RedOnly.uasset" 214
"../../../Engine/Content/EngineDebugMaterials/WireframeMaterial.uasset" 215
"../../../Engine/Content/EngineFonts/Faces/RobotoBold.uasset" 216
"../../../Engine/Content/EngineFonts/Faces/RobotoBoldItalic.uasset" 217
"../../../Engine/Content/EngineFonts/Faces/RobotoItalic.uasset" 218
"../../../Engine/Content/EngineFonts/Faces/RobotoLight.uasset" 219
"../../../Engine/Content/EngineFonts/Faces/RobotoRegular.uasset" 220
"../../../Engine/Content/EngineFonts/Roboto.uasset" 221
"../../../Engine/Content/EngineFonts/Faces/RobotoTiny.uasset" 222
"../../../Engine/Content/EngineFonts/RobotoTiny.uasset" 223
"../../../Engine/Content/EngineFonts/SmallFont.uasset" 224
"../../../Engine/Content/EngineFonts/TinyFont.uasset" 225
"../../../Engine/Content/EngineMaterials/BaseFlattenDiffuseMap.uasset" 226
"../../../Engine/Content/EngineMaterials/BaseFlattenEmissiveMap.uasset" 227
"../../../Engine/Content/EngineMaterials/BaseFlattenGrayscaleMap.uasset" 228
"../../../Engine/Content/EngineMaterials/BaseFlattenNormalMap.uasset" 229
"../../../Engine/Content/EngineMaterials/BaseFlattenMaterial.uasset" 230
"../../../Engine/Content/EngineResources/WhiteSquareTexture.uasset" 231
"../../../Engine/Content/EngineMaterials/BlinkingCaret.uasset" 232
"../../../Engine/Content/EngineMaterials/BlueNoise.uasset" 233
"../../../Engine/Content/EngineMaterials/DefaultBloomKernel.uasset" 234
"../../../Engine/Content/EngineMaterials/DefaultBokeh.uasset" 235
"../../../Engine/Content/EngineMaterials/DefaultDiffuse.uasset" 236
"../../../Engine/Content/EngineMaterials/DefaultDeferredDecalMaterial.uasset" 237
"../../../Engine/Content/EngineMaterials/DefaultLightFunctionMaterial.uasset" 238
"../../../Engine/Content/EngineMaterials/DefaultPostProcessMaterial.uasset" 239
"../../../Engine/Content/EngineFonts/RobotoDistanceField.uasset" 240
"../../../Engine/Content/EngineMaterials/DefaultTextMaterialOpaque.uasset" 241
"../../../Engine/Content/EngineMaterials/DefaultVirtualTextureMaterial.uasset" 242
"../../../Engine/Content/EngineMaterials/EditorBrushMaterial.uasset" 243
"../../../Engine/Content/EngineMaterials/DefaultWhiteGrid_Low.uasset" 244
"../../../Engine/Content/EngineMaterials/EmissiveMeshMaterial.uasset" 245
"../../../Engine/Content/EngineMaterials/Good64x64TilingNoiseHighFreq.uasset" 246
"../../../Engine/Content/EngineMaterials/HighResolutionScreenshotMaskFunction.uasset" 247
"../../../Engine/Content/EngineMaterials/HighResScreenshot.uasset" 248
"../../../Engine/Content/EngineMaterials/HighResScreenshotCaptureRegion.uasset" 249
"../../../Engine/Content/EngineMaterials/HighResScreenshotMask.uasset" 250
"../../../Engine/Content/EngineMaterials/LandscapeHolePhysicalMaterial.uasset" 251
"../../../Engine/Content/EngineMaterials/InvalidLightmapSettings.uasset" 252
"../../../Engine/Content/EngineMaterials/M_InvalidLightmapSettings.uasset" 253
"../../../Engine/Content/EngineMaterials/PaperDiffuse.uasset" 254
"../../../Engine/Content/EngineMaterials/PaperNormal.uasset" 255
"../../../Engine/Content/Functions/Engine_MaterialFunctions02/WorldPositionOffset/CameraOffset.uasset" 256
"../../../Engine/Content/EngineMaterials/PhAT_JointLimitMaterial.uasset" 257
"../../../Engine/Content/EngineMaterials/PhysMat_Rubber.uasset" 258
"../../../Engine/Content/EngineMaterials/PreintegratedSkinBRDF.uasset" 259
"../../../Engine/Content/EngineMaterials/RemoveSurfaceMaterial.uasset" 260
"../../../Engine/Content/EngineMaterials/WeightMapPlaceholderTexture.uasset" 261
"../../../Engine/Content/EngineMaterials/Widget3DPassThrough.uasset" 262
"../../../Engine/Content/EngineMaterials/Widget3DPassThrough_Masked.uasset" 263
"../../../Engine/Content/EngineMaterials/Widget3DPassThrough_Opaque.uasset" 264
"../../../Engine/Content/EngineMaterials/Widget3DPassThrough_Masked_OneSided.uasset" 265
"../../../Engine/Content/EngineMaterials/Widget3DPassThrough_Opaque_OneSided.uasset" 266
"../../../Engine/Content/EngineMaterials/Widget3DPassThrough_Translucent.uasset" 267
"../../../Engine/Content/EngineMaterials/Widget3DPassThrough_Translucent_OneSided.uasset" 268
"../../../Engine/Content/EngineMeshes/Cylinder.uasset" 269
"../../../Engine/Content/EngineMeshes/Sphere.uasset" 270
"../../../Engine/Content/EngineResources/Black.uasset" 271
"../../../Engine/Content/EngineResources/DefaultTexture.uasset" 272
"../../../Engine/Content/EngineResources/DefaultTextureCube.uasset" 273
"../../../Engine/Content/EngineResources/DefaultVolumeTexture2D.uasset" 274
"../../../Engine/Content/EngineResources/DefaultVolumeTexture.uasset" 275
"../../../Engine/Content/EngineResources/GradientTexture0.uasset" 276
"../../../Engine/Content/EngineResources/StreamingPauseIcon.uasset" 277
"../../../Engine/Content/EngineResources/M_StreamingPause.uasset" 278
"../../../Engine/Content/EngineSounds/Master.uasset" 279
"../../../Engine/Content/Functions/Engine_MaterialFunctions01/Shading/PowerToRoughness.uasset" 280
"../../../Engine/Content/Maps/Templates/Thumbnails/Default.uasset" 281
"../../../Engine/Content/Maps/Templates/Thumbnails/VR-Basic.uasset" 282
"../../../Engine/Content/MapTemplates/Sky/DaylightAmbientCubemap.uasset" 283
"../../../Engine/Content/MobileResources/T_MobileControls_texture.uasset" 284
"../../../Engine/Content/MobileResources/T_MobileMenu2.uasset" 285
"../../../Engine/Content/MobileResources/HUD/AnalogHat.uasset" 286
"../../../Engine/Content/MobileResources/HUD/VirtualJoystick_Background.uasset" 287
"../../../Engine/Content/MobileResources/HUD/VirtualJoystick_Thumb.uasset" 288
"../../../Engine/Content/MobileResources/HUD/DefaultVirtualJoysticks.uasset" 289
"../../../Engine/Content/MobileResources/HUD/LeftVirtualJoystickOnly.uasset" 290
"../../../Engine/Content/MobileResources/HUD/MobileHUDButton1_off.uasset" 291
"../../../Engine/Content/MobileResources/HUD/MobileHUDButton1_on.uasset" 292
"../../../Engine/Content/MobileResources/HUD/MobileHUDButton2_off.uasset" 293
"../../../Engine/Content/MobileResources/HUD/MobileHUDButton2_on.uasset" 294
"../../../Engine/Content/MobileResources/HUD/MobileHUDButton3.uasset" 295
"../../../Engine/Content/MobileResources/HUD/MobileHUDButtonFire.uasset" 296
"../../../Engine/Content/MobileResources/HUD/MobileHUDDirectionPad.uasset" 297
"../../../Engine/Content/MobileResources/HUD/MobileHUDDirectionPad2.uasset" 298
"../../../Engine/Content/MobileResources/HUD/MobileHUDDirectionPad3.uasset" 299
"../../../Engine/Content/MobileResources/HUD/MobileHUDDirectionStick.uasset" 300
"../../../Engine/Content/MobileResources/HUD/T_Castle_ThumbstickInner.uasset" 301
"../../../Engine/Content/MobileResources/HUD/T_Castle_ThumbstickOutter.uasset" 302
"../../../Engine/Content/Tutorial/ContentIntroCurve.uasset" 303
"../../../Engine/Content/Tutorial/Basics/LevelEditorAttract.uasset" 304
"../../../Engine/Content/Tutorial/Basics/TutorialAssets/icon_tab_Levels_40x.uasset" 305
"../../../Engine/Content/Tutorial/Basics/LevelEditorOverview.uasset" 306
"../../../Engine/Content/Tutorial/BlueprintTutorials/TutorialAssets/Blueprint_64x.uasset" 307
"../../../Engine/Content/Tutorial/BlueprintTutorials/BlueprintEditorTutorial.uasset" 308
"../../../Engine/Content/Tutorial/BlueprintTutorials/LevelBlueprintEditorOverview.uasset" 309
"../../../Engine/Content/Tutorial/BlueprintTutorials/TutorialAssets/Tutorial_BP_MacroLib.uasset" 310
"../../../Engine/Content/VREditor/LaserPointer/VR_LaserPower_01.uasset" 311
"../../../Engine/Content/VREditor/TransformGizmo/TransformGizmoMaterial.uasset" 312
"../../../Engine/Content/VREditor/TransformGizmo/TranslucentTransformGizmoMaterial.uasset" 313
"../../../Engine/Content/VREditor/TransformGizmo/BoundingBoxCorner.uasset" 314
"../../../Engine/Content/VREditor/TransformGizmo/BoundingBoxEdge.uasset" 315
"../../../Engine/Content/VREditor/TransformGizmo/PlaneTranslationHandle.uasset" 316
"../../../Engine/Content/VREditor/TransformGizmo/Main.uasset" 317
"../../../Engine/Content/VREditor/TransformGizmo/Xray.uasset" 318
"../../../Engine/Content/VREditor/TransformGizmo/SM_Sequencer_Key.uasset" 319
"../../../Engine/Content/VREditor/TransformGizmo/SM_Sequencer_Node.uasset" 320
"../../../../../LostNFind-ver2-readcard/Content/FirstPersonBP/FirstPersonOverview.uasset" 321
"../../Plugins/2D/Paper2D/Content/PlaceholderTextures/DummySpriteTexture.uasset" 322
"../../Plugins/2D/Paper2D/Content/DummySprite.uasset" 323
"../../Plugins/2D/Paper2D/Content/DefaultPaperTerrainMaterial.uasset" 324
"../../Plugins/2D/Paper2D/Content/DefaultSpriteMaterial.uasset" 325
"../../Plugins/2D/Paper2D/Content/MaskedUnlitSpriteMaterial.uasset" 326
"../../Plugins/2D/Paper2D/Content/OpaqueUnlitSpriteMaterial.uasset" 327
"../../Plugins/Enterprise/DatasmithContent/Content/Blueprints/FBXImporter/ArrayOfActor.uasset" 328
"../../Plugins/Enterprise/DatasmithContent/Content/Blueprints/FBXImporter/ArrayOfSwitch.uasset" 329
"../../Plugins/Enterprise/DatasmithContent/Content/Blueprints/FBXImporter/BP_SceneNode.uasset" 330
"../../Plugins/Enterprise/DatasmithContent/Content/Blueprints/FBXImporter/BP_Switch.uasset" 331
"../../Plugins/Enterprise/DatasmithContent/Content/Blueprints/FBXImporter/BP_SceneRoot.uasset" 332
"../../Plugins/Enterprise/DatasmithContent/Content/Blueprints/FBXImporter/FBXImporterUtils.uasset" 333
"../../Plugins/Enterprise/DatasmithContent/Content/Blueprints/FBXImporter/Animation/DeltaGenAnimationTrackType.uasset" 334
"../../Plugins/Enterprise/DatasmithContent/Content/Blueprints/FBXImporter/Animation/VREDAnimationTrackComponent.uasset" 335
"../../Plugins/Enterprise/DatasmithContent/Content/Blueprints/FBXImporter/Animation/VREDAnimationTrackType.uasset" 336
"../../Plugins/Enterprise/DatasmithContent/Content/Blueprints/FBXImporter/Animation/VREDAnimCurveComponent.uasset" 337
"../../Plugins/Enterprise/DatasmithContent/Content/Blueprints/FBXImporter/Animation/VREDAnimCurveType.uasset" 338
"../../Plugins/Enterprise/DatasmithContent/Content/Blueprints/FBXImporter/Variants/VariantSwitchType.uasset" 339
"../../Plugins/Enterprise/DatasmithContent/Content/Blueprints/FBXImporter/Variants/VREDVariantSwitchType.uasset" 340
"../../Plugins/Enterprise/DatasmithContent/Content/Blueprints/FBXImporter/Variants/VREDVariantType.uasset" 341
"../../Plugins/Runtime/Oculus/OculusVR/Content/OculusMR_RenderTarget.uasset" 342
"../../../Engine/Content/Functions/Engine_MaterialFunctions02/Utility/BreakOutFloat4Components.uasset" 343
"../../Plugins/Runtime/Oculus/OculusVR/Content/Materials/OculusMR_ChromaKey.uasset" 344
"../../Plugins/Runtime/Oculus/OculusVR/Content/Materials/OculusMR_ChromaKey_Lit.uasset" 345
"../../Plugins/Runtime/Oculus/OculusVR/Content/Materials/OculusMR_OpaqueColoredMaterial.uasset" 346
"../../Plugins/Runtime/Oculus/OculusVR/Content/Materials/OculusMR_WhiteMaterial.uasset" 347
"../../../../../LostNFind-ver2-readcard/Content/GameMenu/game-menu.uasset" 348
"../../../Engine/Content/Maps/Entry_BuiltData.uasset" 349
"../../../Engine/Content/Maps/Entry.umap" 350
"../../../../../LostNFind-ver2-readcard/Content/FirstPerson/Character/Mesh/SK_Mannequin_Arms_Skeleton.uasset" 351
"../../../../../LostNFind-ver2-readcard/Content/FirstPerson/Animations/FirstPerson_Idle.uasset" 352
"../../../../../LostNFind-ver2-readcard/Content/FirstPerson/Animations/FirstPerson_JumpEnd.uasset" 353
"../../../../../LostNFind-ver2-readcard/Content/FirstPerson/Animations/FirstPerson_JumpLoop.uasset" 354
"../../../../../LostNFind-ver2-readcard/Content/FirstPerson/Animations/FirstPerson_JumpStart.uasset" 355
"../../../../../LostNFind-ver2-readcard/Content/FirstPerson/Animations/FirstPerson_Run.uasset" 356
"../../../../../LostNFind-ver2-readcard/Content/FirstPerson/Animations/FirstPerson_AnimBP.uasset" 357
"../../../../../LostNFind-ver2-readcard/Content/FirstPerson/Animations/FirstPerson_Fire.uasset" 358
"../../../../../LostNFind-ver2-readcard/Content/FirstPerson/Animations/FirstPersonFire_Montage.uasset" 359
"../../../../../LostNFind-ver2-readcard/Content/FirstPerson/Meshes/BaseMaterial.uasset" 360
"../../../../../LostNFind-ver2-readcard/Content/FirstPerson/Meshes/FirstPersonProjectileMaterial.uasset" 361
"../../../../../LostNFind-ver2-readcard/Content/FirstPerson/Meshes/FirstPersonProjectileMesh.uasset" 362
"../../../../../LostNFind-ver2-readcard/Content/FirstPersonBP/Blueprints/FirstPersonProjectile.uasset" 363
"../../../../../LostNFind-ver2-readcard/Content/Object/fragments/Ornament_texture.uasset" 364
"../../../../../LostNFind-ver2-readcard/Content/Object/fragments/Ornament_texture_Mat.uasset" 365
"../../../Engine/Content/Functions/Engine_MaterialFunctions02/Utility/BlendAngleCorrectedNormals.uasset" 366
"../../../../../LostNFind-ver2-readcard/Content/AdvancedGlassPack/Materials/MF_AdvancedUV.uasset" 367
"../../../Engine/Content/EngineMaterials/DefaultNormal.uasset" 368
"../../../Engine/Content/EngineMaterials/Grid_N.uasset" 369
"../../../Engine/Content/EngineMaterials/T_Default_MacroVariation.uasset" 370
"../../../../../LostNFind-ver2-readcard/Content/AdvancedGlassPack/Textures/T_HDR_Test.uasset" 371
"../../../../../LostNFind-ver2-readcard/Content/AdvancedGlassPack/Materials/01_Clean/M_Glass_CleanMaster.uasset" 372
"../../../../../LostNFind-ver2-readcard/Content/AdvancedGlassPack/Materials/01_Clean/_Examples/M_Glass_ColoredRed.uasset" 373
"../../../../../LostNFind-ver2-readcard/Content/AdvancedGlassPack/Textures/FrostMask/T_Frost_01.uasset" 374
"../../../../../LostNFind-ver2-readcard/Content/AdvancedGlassPack/Textures/FrostMask/T_Frost_01_N.uasset" 375
"../../../../../LostNFind-ver2-readcard/Content/AdvancedGlassPack/Materials/03_Frozen/M_Glass_FrozenMaster.uasset" 376
"../../../../../LostNFind-ver2-readcard/Content/AdvancedGlassPack/Materials/03_Frozen/_Exmaples/M_Glass_Frozen_01.uasset" 377
"../../../../../LostNFind-ver2-readcard/Content/AdvancedGlassPack/Textures/ShatteredMask/T_Glass_Shattered_01_M.uasset" 378
"../../../../../LostNFind-ver2-readcard/Content/AdvancedGlassPack/Textures/ShatteredMask/T_Glass_Shattered_01_N.uasset" 379
"../../../../../LostNFind-ver2-readcard/Content/AdvancedGlassPack/Materials/04_Shattered/M_Glass_ShatteredMaster.uasset" 380
"../../../../../LostNFind-ver2-readcard/Content/AdvancedGlassPack/Textures/ShatteredMask/T_Glass_Shattered_04_M.uasset" 381
"../../../../../LostNFind-ver2-readcard/Content/AdvancedGlassPack/Textures/ShatteredMask/T_Glass_Shattered_04_N.uasset" 382
"../../../../../LostNFind-ver2-readcard/Content/AdvancedGlassPack/Materials/04_Shattered/_Examples/M_Glass_Shattered_04.uasset" 383
"../../../../../LostNFind-ver2-readcard/Content/Object/fragments/crystal-combined.uasset" 384
"../../../../../LostNFind-ver2-readcard/Content/Object/fragments/thumnail/crystal-thumnail.uasset" 385
"../../../../../LostNFind-ver2-readcard/Content/Object/fragments/thumnail/count.uasset" 386
"../../../../../LostNFind-ver2-readcard/Content/Object/fragments/crystal-item.uasset" 387
"../../../../../LostNFind-ver2-readcard/Content/FirstPerson/Audio/FirstPersonTemplateWeaponFire02.uasset" 388
"../../../Engine/Content/Functions/MaterialLayerFunctions/MatLayerBlend_NormalBlend.uasset" 389
"../../../Engine/Content/Functions/MaterialLayerFunctions/MatLayerBlend_Simple.uasset" 390
"../../../../../LostNFind-ver2-readcard/Content/FirstPerson/Character/Materials/MaterialLayers/T_ML_Rubber_Blue_01_D.uasset" 391
"../../../../../LostNFind-ver2-readcard/Content/FirstPerson/Character/Materials/MaterialLayers/T_ML_Rubber_Blue_01_N.uasset" 392
"../../../../../LostNFind-ver2-readcard/Content/FirstPerson/Character/Materials/MaterialLayers/ML_GlossyBlack_Latex_UE4.uasset" 393
"../../../../../LostNFind-ver2-readcard/Content/FirstPerson/Character/Materials/MaterialLayers/ML_Plastic_Shiny_Beige.uasset" 394
"../../../../../LostNFind-ver2-readcard/Content/FirstPerson/Character/Textures/UE4_LOGO_CARD.uasset" 395
"../../../../../LostNFind-ver2-readcard/Content/FirstPerson/Character/Materials/MaterialLayers/ML_Plastic_Shiny_Beige_LOGO.uasset" 396
"../../../../../LostNFind-ver2-readcard/Content/FirstPerson/Character/Materials/MaterialLayers/T_ML_Aluminum01.uasset" 397
"../../../../../LostNFind-ver2-readcard/Content/FirstPerson/Character/Materials/MaterialLayers/T_ML_Aluminum01_N.uasset" 398
"../../../../../LostNFind-ver2-readcard/Content/FirstPerson/Character/Materials/MaterialLayers/ML_SoftMetal_UE4.uasset" 399
"../../../../../LostNFind-ver2-readcard/Content/FirstPerson/Character/Textures/UE4_Mannequin__normals.uasset" 400
"../../../../../LostNFind-ver2-readcard/Content/FirstPerson/Character/Textures/UE4_Mannequin_MAT_MASKA.uasset" 401
"../../../../../LostNFind-ver2-readcard/Content/FirstPerson/Character/Materials/M_UE4Man_Body.uasset" 402
"../../../../../LostNFind-ver2-readcard/Content/FirstPerson/Character/Mesh/SK_Mannequin_Arms_PhysicsAsset.uasset" 403
"../../../../../LostNFind-ver2-readcard/Content/FirstPerson/Character/Mesh/SK_Mannequin_Arms.uasset" 404
"../../../../../LostNFind-ver2-readcard/Content/FirstPerson/FPWeapon/Materials/MaterialLayers/T_ML_Rubber_Blue_01_D.uasset" 405
"../../../../../LostNFind-ver2-readcard/Content/FirstPerson/FPWeapon/Materials/MaterialLayers/T_ML_Rubber_Blue_01_N.uasset" 406
"../../../../../LostNFind-ver2-readcard/Content/FirstPerson/FPWeapon/Materials/MaterialLayers/ML_GlossyBlack_Latex_UE4.uasset" 407
"../../../../../LostNFind-ver2-readcard/Content/FirstPerson/FPWeapon/Materials/MaterialLayers/ML_Plastic_Shiny_Beige.uasset" 408
"../../../../../LostNFind-ver2-readcard/Content/FirstPerson/FPWeapon/Materials/MaterialLayers/ML_Screen.uasset" 409
"../../../../../LostNFind-ver2-readcard/Content/FirstPerson/FPWeapon/Materials/MaterialLayers/T_ML_Aluminum01.uasset" 410
"../../../../../LostNFind-ver2-readcard/Content/FirstPerson/FPWeapon/Materials/MaterialLayers/T_ML_Aluminum01_N.uasset" 411
"../../../../../LostNFind-ver2-readcard/Content/FirstPerson/FPWeapon/Materials/MaterialLayers/ML_SoftMetal_UE4.uasset" 412
"../../../../../LostNFind-ver2-readcard/Content/FirstPerson/FPWeapon/Textures/T_FPGun_M.uasset" 413
"../../../../../LostNFind-ver2-readcard/Content/FirstPerson/FPWeapon/Textures/T_FPGun_N.uasset" 414
"../../../../../LostNFind-ver2-readcard/Content/FirstPerson/FPWeapon/Materials/M_FPGun.uasset" 415
"../../../../../LostNFind-ver2-readcard/Content/FirstPerson/FPWeapon/Mesh/SK_FPGun_Skeleton.uasset" 416
"../../../../../LostNFind-ver2-readcard/Content/FirstPerson/FPWeapon/Mesh/SK_FPGun.uasset" 417
"../../../../../LostNFind-ver2-readcard/Content/FirstPersonBP/Blueprints/FirstPersonCharacter.uasset" 418
"../../../Engine/Content/EngineSky/C_Sky_Cloud_Color.uasset" 419
"../../../Engine/Content/EngineSky/C_Sky_Horizon_Color.uasset" 420
"../../../Engine/Content/EngineSky/C_Sky_Zenith_Color.uasset" 421
"../../../Engine/Content/EngineSky/T_Sky_Blue.uasset" 422
"../../../Engine/Content/EngineSky/T_Sky_Clouds_M.uasset" 423
"../../../Engine/Content/EngineSky/T_Sky_Stars.uasset" 424
"../../../Engine/Content/EngineSky/M_Sky_Panning_Clouds2.uasset" 425
"../../../Engine/Content/EngineSky/SM_SkySphere.uasset" 426
"../../../Engine/Content/EngineSky/BP_Sky_Sphere.uasset" 427
"../../../../../LostNFind-ver2-readcard/Content/Font/BAARS___.uasset" 428
"../../../../../LostNFind-ver2-readcard/Content/Font/BAARS____Font.uasset" 429
"../../../../../LostNFind-ver2-readcard/Content/FirstPerson/Textures/FirstPersonCrosshair.uasset" 430
"../../../../../LostNFind-ver2-readcard/Content/FirstPersonBP/Blueprints/FirstPersonHUD.uasset" 431
"../../../../../LostNFind-ver2-readcard/Content/FirstPersonBP/Blueprints/FirstPersonGameMode.uasset" 432
"../../../../../LostNFind-ver2-readcard/Content/Object/birthday-card/hbcard.uasset" 433
"../../../../../LostNFind-ver2-readcard/Content/Object/birthday-card/hbcard_Mat.uasset" 434
"../../../../../LostNFind-ver2-readcard/Content/StarterContent/Textures/T_Concrete_Poured_D.uasset" 435
"../../../../../LostNFind-ver2-readcard/Content/StarterContent/Textures/T_Concrete_Poured_N.uasset" 436
"../../../../../LostNFind-ver2-readcard/Content/StarterContent/Textures/T_Concrete_Poured_Mat.uasset" 437
"../../../../../LostNFind-ver2-readcard/Content/Object/birthday-card/Box_Brush3_StaticMesh.uasset" 438
"../../../../../LostNFind-ver2-readcard/Content/Object/birthday-card/readcard-text.uasset" 439
"../../../../../LostNFind-ver2-readcard/Content/park_level_BuiltData.uasset" 440
"../../../../../LostNFind-ver2-readcard/Content/Object/cup/mlF0cV2.uasset" 441
"../../../../../LostNFind-ver2-readcard/Content/Object/cup/mlF0cV2_Mat.uasset" 442
"../../../../../LostNFind-ver2-readcard/Content/Object/cup/vintage_starburst_texture_33_red_gray.uasset" 443
"../../../../../LostNFind-ver2-readcard/Content/Object/cup/vintage_starburst_texture_33_red_gray_Mat.uasset" 444
"../../../../../LostNFind-ver2-readcard/Content/Object/gate/rg-gate1_3_normal.uasset" 445
"../../../../../LostNFind-ver2-readcard/Content/Object/gate/rg-gate1_3_specular.uasset" 446
"../../../../../LostNFind-ver2-readcard/Content/Object/gate/rg-gate1_3_Mat.uasset" 447
"../../../../../LostNFind-ver2-readcard/Content/Object/shop/crt1a.uasset" 448
"../../../../../LostNFind-ver2-readcard/Content/Object/shop/crt1a_Mat.uasset" 449
"../../../../../LostNFind-ver2-readcard/Content/StarterContent/Textures/T_Brick_Clay_Old_D.uasset" 450
"../../../../../LostNFind-ver2-readcard/Content/StarterContent/Textures/T_Brick_Clay_Old_N.uasset" 451
"../../../../../LostNFind-ver2-readcard/Content/StarterContent/Textures/T_MacroVariation.uasset" 452
"../../../../../LostNFind-ver2-readcard/Content/StarterContent/Textures/T_Perlin_Noise_M.uasset" 453
"../../../../../LostNFind-ver2-readcard/Content/StarterContent/Materials/M_Brick_Clay_Old.uasset" 454
"../../../../../LostNFind-ver2-readcard/Content/StarterContent/Textures/T_Brick_Cut_Stone_D.uasset" 455
"../../../../../LostNFind-ver2-readcard/Content/StarterContent/Textures/T_Brick_Cut_Stone_N.uasset" 456
"../../../../../LostNFind-ver2-readcard/Content/StarterContent/Materials/M_Brick_Cut_Stone.uasset" 457
"../../../../../LostNFind-ver2-readcard/Content/StarterContent/Textures/T_Metal_Steel_D.uasset" 458
"../../../../../LostNFind-ver2-readcard/Content/StarterContent/Textures/T_Tech_Panel_M.uasset" 459
"../../../../../LostNFind-ver2-readcard/Content/StarterContent/Textures/T_Tech_Panel_N.uasset" 460
"../../../../../LostNFind-ver2-readcard/Content/StarterContent/Materials/M_Tech_Panel.uasset" 461
"../../../../../LostNFind-ver2-readcard/Content/StarterContent/Textures/T_CobbleStone_Smooth_D.uasset" 462
"../../../../../LostNFind-ver2-readcard/Content/StarterContent/Textures/T_CobbleStone_Smooth_N.uasset" 463
"../../../../../LostNFind-ver2-readcard/Content/StarterContent/Textures/T_CobbleStone_Smooth_Mat.uasset" 464
"../../../../../LostNFind-ver2-readcard/Content/StarterContent/Textures/T_Rock_Sandstone_D.uasset" 465
"../../../../../LostNFind-ver2-readcard/Content/StarterContent/Textures/T_Rock_Sandstone_N.uasset" 466
"../../../../../LostNFind-ver2-readcard/Content/StarterContent/Textures/T_Rock_Sandstone_Mat.uasset" 467
"../../../../../LostNFind-ver2-readcard/Content/AdvancedGlassPack/StaticMesh/GlassBrick/T_Glass_Brick_01_M.uasset" 468
"../../../../../LostNFind-ver2-readcard/Content/AdvancedGlassPack/StaticMesh/GlassBrick/T_Glass_Brick_01_N.uasset" 469
"../../../../../LostNFind-ver2-readcard/Content/AdvancedGlassPack/StaticMesh/GlassBrick/M_Glass_Brick_01.uasset" 470
"../../../../../LostNFind-ver2-readcard/Content/Object/lampost/blinn2SG.uasset" 471
"../../../../../LostNFind-ver2-readcard/Content/Object/lampost/lampost_lamp.uasset" 472
"../../../Engine/Content/BasicShapes/Plane.uasset" 473
"../../../../../LostNFind-ver2-readcard/Content/Object/birthday-card/read-card.uasset" 474
"../../../../../LostNFind-ver2-readcard/Content/Object/christmas-carousel-animated/texture/Carousel_CarouselBody_AlbedoTransparency.uasset" 475
"../../../../../LostNFind-ver2-readcard/Content/Object/christmas-carousel-animated/texture/Carousel_CarouselBody_MetallicSmoothness.uasset" 476
"../../../../../LostNFind-ver2-readcard/Content/Object/christmas-carousel-animated/texture/Carousel_CarouselBody_Normal.uasset" 477
"../../../../../LostNFind-ver2-readcard/Content/Object/christmas-carousel-animated/CarouselBody.uasset" 478
"../../../../../LostNFind-ver2-readcard/Content/Object/christmas-carousel-animated/Material.uasset" 479
"../../../../../LostNFind-ver2-readcard/Content/Object/christmas-carousel-animated/texture/Sleigh_Presents_AlbedoTransparency.uasset" 480
"../../../../../LostNFind-ver2-readcard/Content/Object/christmas-carousel-animated/texture/Sleigh_Presents_MetallicSmoothness.uasset" 481
"../../../../../LostNFind-ver2-readcard/Content/Object/christmas-carousel-animated/texture/Sleigh_Presents_Normal.uasset" 482
"../../../../../LostNFind-ver2-readcard/Content/Object/christmas-carousel-animated/Presents.uasset" 483
"../../../../../LostNFind-ver2-readcard/Content/Object/christmas-carousel-animated/texture/Sleigh_Railing_AlbedoTransparency.uasset" 484
"../../../../../LostNFind-ver2-readcard/Content/Object/christmas-carousel-animated/texture/Sleigh_Railing_MetallicSmoothness.uasset" 485
"../../../../../LostNFind-ver2-readcard/Content/Object/christmas-carousel-animated/texture/Sleigh_Railing_Normal.uasset" 486
"../../../../../LostNFind-ver2-readcard/Content/Object/christmas-carousel-animated/Railing.uasset" 487
"../../../../../LostNFind-ver2-readcard/Content/Object/christmas-carousel-animated/texture/Reindeer_Reindeer1_AlbedoTransparency.uasset" 488
"../../../../../LostNFind-ver2-readcard/Content/Object/christmas-carousel-animated/texture/Reindeer_Reindeer1_MetallicSmoothness.uasset" 489
"../../../../../LostNFind-ver2-readcard/Content/Object/christmas-carousel-animated/texture/Reindeer_Reindeer1_Normal.uasset" 490
"../../../../../LostNFind-ver2-readcard/Content/Object/christmas-carousel-animated/Reindeer1.uasset" 491
"../../../../../LostNFind-ver2-readcard/Content/Object/christmas-carousel-animated/texture/Carousel_Roof1_AlbedoTransparency.uasset" 492
"../../../../../LostNFind-ver2-readcard/Content/Object/christmas-carousel-animated/texture/Carousel_Roof1_MetallicSmoothness.uasset" 493
"../../../../../LostNFind-ver2-readcard/Content/Object/christmas-carousel-animated/texture/Carousel_Roof1_Normal.uasset" 494
"../../../../../LostNFind-ver2-readcard/Content/Object/christmas-carousel-animated/Roof1.uasset" 495
"../../../../../LostNFind-ver2-readcard/Content/Object/christmas-carousel-animated/Skates2.uasset" 496
"../../../../../LostNFind-ver2-readcard/Content/Object/christmas-carousel-animated/texture/Sleigh_Sled1_AlbedoTransparency.uasset" 497
"../../../../../LostNFind-ver2-readcard/Content/Object/christmas-carousel-animated/texture/Sleigh_Sled1_MetallicSmoothness.uasset" 498
"../../../../../LostNFind-ver2-readcard/Content/Object/christmas-carousel-animated/texture/Sleigh_Sled1_Normal.uasset" 499
"../../../../../LostNFind-ver2-readcard/Content/Object/christmas-carousel-animated/Sled1.uasset" 500
"../../../../../LostNFind-ver2-readcard/Content/Object/christmas-carousel-animated/xmas_combine.uasset" 501
"../../../../../LostNFind-ver2-readcard/Content/Object/cup/Mat.uasset" 502
"../../../../../LostNFind-ver2-readcard/Content/Object/cup/Mat_1.uasset" 503
"../../../../../LostNFind-ver2-readcard/Content/Object/cup/Mat_2.uasset" 504
"../../../../../LostNFind-ver2-readcard/Content/Object/cup/Material.uasset" 505
"../../../../../LostNFind-ver2-readcard/Content/Object/cup/Metal_-_Chrome.uasset" 506
"../../../../../LostNFind-ver2-readcard/Content/Object/cup/Synthetic_-_Rubber_Rough_Gray.uasset" 507
"../../../../../LostNFind-ver2-readcard/Content/Object/cup/cups_combine.uasset" 508
"../../../../../LostNFind-ver2-readcard/Content/Object/fence_2/Default_OBJ.uasset" 509
"../../../../../LostNFind-ver2-readcard/Content/Object/fence_2/Metal_Fence_2_fence_01_obj.uasset" 510
"../../../../../LostNFind-ver2-readcard/Content/Object/Ferris_wheel/Material_10.uasset" 511
"../../../../../LostNFind-ver2-readcard/Content/Object/Ferris_wheel/day-trip_buffer-0-mesh-0.uasset" 512
"../../../../../LostNFind-ver2-readcard/Content/Object/Ferris_wheel/Material_11.uasset" 513
"../../../../../LostNFind-ver2-readcard/Content/Object/Ferris_wheel/day-trip_buffer-0-mesh-0_001.uasset" 514
"../../../../../LostNFind-ver2-readcard/Content/Object/Ferris_wheel/Material_12.uasset" 515
"../../../../../LostNFind-ver2-readcard/Content/Object/Ferris_wheel/day-trip_buffer-0-mesh-0_002.uasset" 516
"../../../../../LostNFind-ver2-readcard/Content/Object/Ferris_wheel/Material_13.uasset" 517
"../../../../../LostNFind-ver2-readcard/Content/Object/Ferris_wheel/day-trip_buffer-0-mesh-0_003.uasset" 518
"../../../../../LostNFind-ver2-readcard/Content/Object/Ferris_wheel/Material_14.uasset" 519
"../../../../../LostNFind-ver2-readcard/Content/Object/Ferris_wheel/day-trip_buffer-0-mesh-0_004.uasset" 520
"../../../../../LostNFind-ver2-readcard/Content/Object/food-court-table/16286_SkatePark_GrindtableMat.uasset" 521
"../../../../../LostNFind-ver2-readcard/Content/Object/food-court-table/16286_SkatePark_grindtable_v1_NEW.uasset" 522
"../../../../../LostNFind-ver2-readcard/Content/Object/frence/Mat.uasset" 523
"../../../../../LostNFind-ver2-readcard/Content/Object/frence/Mat_1.uasset" 524
"../../../../../LostNFind-ver2-readcard/Content/Object/frence/Security_Fence.uasset" 525
"../../../../../LostNFind-ver2-readcard/Content/Object/gate/rg-gate1_3_deffuse.uasset" 526
"../../../../../LostNFind-ver2-readcard/Content/Object/gate/gate_3.uasset" 527
"../../../../../LostNFind-ver2-readcard/Content/Object/gate/rg-gate_1_3_gate1_3_bolt.uasset" 528
"../../../../../LostNFind-ver2-readcard/Content/Object/gate/rg-gate_1_3_gate1_3_door_L_LOD_0.uasset" 529
"../../../../../LostNFind-ver2-readcard/Content/Object/gate/rg-gate_1_3_gate1_3_door_L_LOD_1.uasset" 530
"../../../../../LostNFind-ver2-readcard/Content/Object/gate/rg-gate_1_3_gate1_3_door_R_LOD_0.uasset" 531
"../../../../../LostNFind-ver2-readcard/Content/Object/gate/rg-gate_1_3_gate1_3_door_R_LOD_1.uasset" 532
"../../../../../LostNFind-ver2-readcard/Content/Object/gate/rg-gate_1_3_gate1_3_frame_LOD_0.uasset" 533
"../../../../../LostNFind-ver2-readcard/Content/Object/gate/rg-gate_1_3_gate1_3_frame_LOD_1.uasset" 534
"../../../../../LostNFind-ver2-readcard/Content/Object/gate/rg-gate_1_3_gate1_3_handle.uasset" 535
"../../../../../LostNFind-ver2-readcard/Content/Object/gate/rg-gate_1_3_gate1_3_pole_LOD_0.uasset" 536
"../../../../../LostNFind-ver2-readcard/Content/Object/gate/rg-gate_1_3_gate1_3_pole_LOD_1.uasset" 537
"../../../../../LostNFind-ver2-readcard/Content/Object/gate/rg-gate_1_3_gate1_3_snapper.uasset" 538
"../../../../../LostNFind-ver2-readcard/Content/Object/gate/rg-gate_1_3_gate1_handle_LOD_1.uasset" 539
"../../../../../LostNFind-ver2-readcard/Content/Object/gate2/light_upper_texture.uasset" 540
"../../../../../LostNFind-ver2-readcard/Content/Object/gate2/gate_fbx_lightupper_1.uasset" 541
"../../../../../LostNFind-ver2-readcard/Content/Object/lampost/Lamp_post_metal_mat1SG.uasset" 542
"../../../../../LostNFind-ver2-readcard/Content/Object/lampost/Lamp_post_metal_mat3SG.uasset" 543
"../../../../../LostNFind-ver2-readcard/Content/Object/lampost/Lamppost_glow1SG.uasset" 544
"../../../../../LostNFind-ver2-readcard/Content/Object/lampost/rv_lamp_post_4.uasset" 545
"../../../../../LostNFind-ver2-readcard/Content/Object/rubbishbin/10073_Gazebo_V2_Diffuse.uasset" 546
"../../../../../LostNFind-ver2-readcard/Content/Object/rubbishbin/10073_Gazebo_V2.uasset" 547
"../../../../../LostNFind-ver2-readcard/Content/Object/rubbishbin/10073_Gazebo_V2_L3.uasset" 548
"../../../../../LostNFind-ver2-readcard/Content/Object/rubbishbin/Material_204.uasset" 549
"../../../../../LostNFind-ver2-readcard/Content/Object/rubbishbin/Garbage_Container__Cube.uasset" 550
"../../../../../LostNFind-ver2-readcard/Content/Object/rubbishbin/Garbage_Container__Plane.uasset" 551
"../../../../../LostNFind-ver2-readcard/Content/Object/ship/16817_pirate_ship_ride_V1Mat.uasset" 552
"../../../../../LostNFind-ver2-readcard/Content/Object/ship/16817_pirate_ship_ride_V1.uasset" 553
"../../../../../LostNFind-ver2-readcard/Content/Object/shop/Material.uasset" 554
"../../../../../LostNFind-ver2-readcard/Content/Object/shop/material_1.uasset" 555
"../../../../../LostNFind-ver2-readcard/Content/Object/shop/material_1_black.uasset" 556
"../../../../../LostNFind-ver2-readcard/Content/Object/shop/cnt1.uasset" 557
"../../../../../LostNFind-ver2-readcard/Content/Object/shop/material_1_counter_top.uasset" 558
"../../../../../LostNFind-ver2-readcard/Content/Object/shop/d1.uasset" 559
"../../../../../LostNFind-ver2-readcard/Content/Object/shop/material_1_display1.uasset" 560
"../../../../../LostNFind-ver2-readcard/Content/Object/shop/d2.uasset" 561
"../../../../../LostNFind-ver2-readcard/Content/Object/shop/material_1_display2.uasset" 562
"../../../../../LostNFind-ver2-readcard/Content/Object/shop/d3.uasset" 563
"../../../../../LostNFind-ver2-readcard/Content/Object/shop/material_1_display3.uasset" 564
"../../../../../LostNFind-ver2-readcard/Content/Object/shop/d4.uasset" 565
"../../../../../LostNFind-ver2-readcard/Content/Object/shop/material_1_display4.uasset" 566
"../../../../../LostNFind-ver2-readcard/Content/Object/shop/material_1_name.uasset" 567
"../../../../../LostNFind-ver2-readcard/Content/Object/shop/material_1_sign.uasset" 568
"../../../../../LostNFind-ver2-readcard/Content/Object/shop/material_1_silver.uasset" 569
"../../../../../LostNFind-ver2-readcard/Content/Object/shop/material_1_sink.uasset" 570
"../../../../../LostNFind-ver2-readcard/Content/Object/shop/st1.uasset" 571
"../../../../../LostNFind-ver2-readcard/Content/Object/shop/material_1_structure.uasset" 572
"../../../../../LostNFind-ver2-readcard/Content/Object/shop/material_1_trans_green.uasset" 573
"../../../../../LostNFind-ver2-readcard/Content/Object/shop/wd1.uasset" 574
"../../../../../LostNFind-ver2-readcard/Content/Object/shop/material_1_wood.uasset" 575
"../../../../../LostNFind-ver2-readcard/Content/Object/shop/material_2.uasset" 576
"../../../../../LostNFind-ver2-readcard/Content/Object/shop/coffeeShop_combine.uasset" 577
"../../../../../LostNFind-ver2-readcard/Content/Object/swing/Baked_texture_carousel.uasset" 578
"../../../../../LostNFind-ver2-readcard/Content/Object/swing/Baked.uasset" 579
"../../../../../LostNFind-ver2-readcard/Content/Object/swing/SwingRide_PhysicsAsset.uasset" 580
"../../../../../LostNFind-ver2-readcard/Content/Object/swing/SwingRide_Skeleton.uasset" 581
"../../../../../LostNFind-ver2-readcard/Content/Object/swing/SwingRide.uasset" 582
"../../../../../LostNFind-ver2-readcard/Content/Object/tree_6_2/nadeln4.uasset" 583
"../../../../../LostNFind-ver2-readcard/Content/Object/tree_6_2/leaves.uasset" 584
"../../../../../LostNFind-ver2-readcard/Content/Object/tree_6_2/stamm2.uasset" 585
"../../../../../LostNFind-ver2-readcard/Content/Object/tree_6_2/trunk.uasset" 586
"../../../../../LostNFind-ver2-readcard/Content/Object/tree_6_2/realistictrees2_1_tree1.uasset" 587
"../../../../../LostNFind-ver2-readcard/Content/Object/well/well_buket.uasset" 588
"../../../../../LostNFind-ver2-readcard/Content/Object/well/bucket.uasset" 589
"../../../../../LostNFind-ver2-readcard/Content/Object/well/well_metal.uasset" 590
"../../../../../LostNFind-ver2-readcard/Content/Object/well/metal-bar.uasset" 591
"../../../../../LostNFind-ver2-readcard/Content/Object/well/well_Roof.uasset" 592
"../../../../../LostNFind-ver2-readcard/Content/Object/well/roof.uasset" 593
"../../../../../LostNFind-ver2-readcard/Content/Object/well/Well_rope.uasset" 594
"../../../../../LostNFind-ver2-readcard/Content/Object/well/rope.uasset" 595
"../../../../../LostNFind-ver2-readcard/Content/Object/well/Well_Stone.uasset" 596
"../../../../../LostNFind-ver2-readcard/Content/Object/well/stone.uasset" 597
"../../../../../LostNFind-ver2-readcard/Content/Object/well/well_wood1.uasset" 598
"../../../../../LostNFind-ver2-readcard/Content/Object/well/wood.uasset" 599
"../../../../../LostNFind-ver2-readcard/Content/Object/well/well.uasset" 600
"../../../../../LostNFind-ver2-readcard/Content/StarterContent/Textures/T_Fire_SubUV.uasset" 601
"../../../../../LostNFind-ver2-readcard/Content/StarterContent/Textures/T_Fire_Tiled_D.uasset" 602
"../../../../../LostNFind-ver2-readcard/Content/StarterContent/Particles/Materials/M_Fire_SubUV.uasset" 603
"../../../../../LostNFind-ver2-readcard/Content/StarterContent/Textures/T_Water_N.uasset" 604
"../../../../../LostNFind-ver2-readcard/Content/StarterContent/Particles/Materials/M_Heat_Distortion.uasset" 605
"../../../Engine/Content/Functions/Engine_MaterialFunctions01/Gradient/RadialGradient.uasset" 606
"../../../../../LostNFind-ver2-readcard/Content/StarterContent/Particles/Materials/M_Radial_Gradient.uasset" 607
"../../../../../LostNFind-ver2-readcard/Content/StarterContent/Textures/T_Smoke_SubUV.uasset" 608
"../../../../../LostNFind-ver2-readcard/Content/StarterContent/Textures/T_Smoke_Tiled_D.uasset" 609
"../../../../../LostNFind-ver2-readcard/Content/StarterContent/Particles/Materials/M_smoke_subUV.uasset" 610
"../../../../../LostNFind-ver2-readcard/Content/StarterContent/Particles/P_Fire.uasset" 611
"../../../../../LostNFind-ver2-readcard/Content/StarterContent/Textures/T_Chair_M.uasset" 612
"../../../../../LostNFind-ver2-readcard/Content/StarterContent/Textures/T_Chair_N.uasset" 613
"../../../../../LostNFind-ver2-readcard/Content/StarterContent/Props/Materials/M_Chair.uasset" 614
"../../../../../LostNFind-ver2-readcard/Content/StarterContent/Props/SM_Couch.uasset" 615
"../../../../../LostNFind-ver2-readcard/Content/StarterContent/Props/Materials/M_MaterialSphere.uasset" 616
"../../../../../LostNFind-ver2-readcard/Content/StarterContent/Props/Materials/M_MaterialSphere_Plain.uasset" 617
"../../../../../LostNFind-ver2-readcard/Content/StarterContent/Props/SM_MatPreviewMesh_02.uasset" 618
"../../../../../LostNFind-ver2-readcard/Content/StarterContent/Textures/T_Detail_Rocky_N.uasset" 619
"../../../../../LostNFind-ver2-readcard/Content/StarterContent/Textures/T_Rock_Basalt_D.uasset" 620
"../../../../../LostNFind-ver2-readcard/Content/StarterContent/Textures/T_RockMesh_M.uasset" 621
"../../../../../LostNFind-ver2-readcard/Content/StarterContent/Textures/T_RockMesh_N.uasset" 622
"../../../../../LostNFind-ver2-readcard/Content/StarterContent/Props/Materials/M_Rock.uasset" 623
"../../../../../LostNFind-ver2-readcard/Content/StarterContent/Props/SM_Rock.uasset" 624
"../../../../../LostNFind-ver2-readcard/Content/StarterContent/Textures/T_Statue_M.uasset" 625
"../../../../../LostNFind-ver2-readcard/Content/StarterContent/Textures/T_Statue_N.uasset" 626
"../../../../../LostNFind-ver2-readcard/Content/StarterContent/Props/Materials/M_Statue.uasset" 627
"../../../../../LostNFind-ver2-readcard/Content/StarterContent/Props/Materials/M_StatueGlass.uasset" 628
"../../../../../LostNFind-ver2-readcard/Content/StarterContent/Props/SM_Statue.uasset" 629
"../../../../../LostNFind-ver2-readcard/Content/park_level.umap" 630
